<?xml version="1.0" encoding="UTF-8"?>
<!-- Generated by org.testng.reporters.JUnitReportReporter -->
<testsuite hostname="SurfaceKR" failures="0" tests="1" name="package1.TestNG_1" time="6.682" errors="0" timestamp="2022-04-24T22:39:07 EDT" skipped="0">
  <testcase classname="package1.TestNG_1" name="navigate" time="6.682"/>
  <system-out/>
</testsuite> <!-- package1.TestNG_1 -->
